[2015-06-22 12:29:49] START
[2015-06-22 12:31:56] EDIT Nouncompounds/models/db.py: 0
[2015-06-22 12:31:56] EDIT Nouncompounds/models/db.py: 0
[2015-06-22 12:31:56] EDIT Nouncompounds/models/db.py: 0
[2015-06-22 12:31:57] EDIT Nouncompounds/models/db.py: 0
[2015-06-22 12:34:03] EDIT Nouncompounds/models/db.py: 0
[2015-06-22 12:34:03] EDIT Nouncompounds/models/db.py: 0
[2015-06-22 12:34:03] EDIT Nouncompounds/models/db.py: 0
[2015-06-22 12:34:24] EDIT Nouncompounds/models/db.py: 0
[2015-06-22 12:34:24] EDIT Nouncompounds/models/db.py: 0
[2015-06-22 12:34:25] EDIT Nouncompounds/models/db.py: 0
[2015-06-22 12:37:40] EDIT Nouncompounds/models/db.py: 8
[2015-06-22 12:37:40] EDIT Nouncompounds/models/db.py: 0
[2015-06-22 12:37:40] EDIT Nouncompounds/models/db.py: 0
[2015-06-22 12:38:36] EDIT Nouncompounds/models/db.py: 0
[2015-06-22 12:38:37] EDIT Nouncompounds/models/db.py: 0
[2015-06-22 12:38:37] EDIT Nouncompounds/models/db.py: 0
[2015-06-22 12:38:37] EDIT Nouncompounds/models/db.py: 0
[2015-06-22 12:38:37] EDIT Nouncompounds/models/db.py: 0
[2015-06-22 12:41:44] EDIT Nouncompounds/views/default/index.html: -47
[2015-06-22 12:41:44] EDIT Nouncompounds/views/default/index.html: 0
[2015-06-22 12:41:44] EDIT Nouncompounds/views/default/index.html: 0
[2015-06-22 12:42:06] EDIT Nouncompounds/controllers/default.py: -6
[2015-06-22 12:42:06] EDIT Nouncompounds/controllers/default.py: 0
[2015-06-22 12:42:06] EDIT Nouncompounds/controllers/default.py: 0
[2015-06-22 12:42:07] EDIT Nouncompounds/views/default/index.html: 0
[2015-06-22 12:42:07] EDIT Nouncompounds/views/default/index.html: 0
[2015-06-22 12:44:09] EDIT Nouncompounds/controllers/default.py: 4
[2015-06-22 12:45:08] EDIT Nouncompounds/controllers/default.py: 2
[2015-06-22 12:51:17] EDIT Nouncompounds/controllers/default.py: 9
[2015-06-22 12:51:17] EDIT Nouncompounds/controllers/default.py: 0
[2015-06-22 12:51:18] EDIT Nouncompounds/controllers/default.py: 0
[2015-06-22 12:52:38] EDIT Nouncompounds/controllers/default.py: -1
[2015-06-22 12:53:07] EDIT Nouncompounds/controllers/default.py: 1
[2015-06-22 12:53:13] EDIT Nouncompounds/controllers/default.py: 0
[2015-06-22 12:53:19] EDIT Nouncompounds/views/default/index.html: 1
[2015-06-22 12:57:10] EDIT Nouncompounds/controllers/default.py: 6
[2015-06-22 12:57:11] EDIT Nouncompounds/controllers/default.py: 0
[2015-06-22 12:57:55] EDIT Nouncompounds/views/default/index.html: 7
[2015-06-22 12:59:14] EDIT Nouncompounds/controllers/default.py: 1
[2015-06-22 12:59:14] EDIT Nouncompounds/controllers/default.py: 0
[2015-06-22 12:59:14] EDIT Nouncompounds/controllers/default.py: 0
[2015-06-22 13:00:05] EDIT Nouncompounds/controllers/default.py: 0
[2015-06-22 13:00:05] EDIT Nouncompounds/controllers/default.py: 0
[2015-06-22 13:00:54] EDIT Nouncompounds/controllers/default.py: 0
[2015-06-22 13:00:54] EDIT Nouncompounds/controllers/default.py: 0
[2015-06-22 13:00:54] EDIT Nouncompounds/controllers/default.py: 0
[2015-06-22 13:02:10] EDIT Nouncompounds/controllers/default.py: -1
[2015-06-22 13:02:10] EDIT Nouncompounds/controllers/default.py: 0
[2015-06-22 13:02:10] EDIT Nouncompounds/controllers/default.py: 0
[2015-06-22 13:03:04] EDIT Nouncompounds/views/default/index.html: 4
[2015-06-22 13:03:05] EDIT Nouncompounds/views/default/index.html: 0
[2015-06-22 13:04:18] EDIT Nouncompounds/controllers/default.py: 3
[2015-06-22 13:04:19] EDIT Nouncompounds/controllers/default.py: 0
[2015-06-22 13:04:19] EDIT Nouncompounds/controllers/default.py: 0
[2015-06-22 13:04:35] EDIT Nouncompounds/controllers/default.py: 0
[2015-06-22 13:04:44] EDIT Nouncompounds/controllers/default.py: 0
[2015-06-22 13:04:59] EDIT Nouncompounds/views/default/index.html: 0
[2015-06-22 13:04:59] EDIT Nouncompounds/views/default/index.html: 0
[2015-06-22 13:05:00] EDIT Nouncompounds/views/default/index.html: 0
[2015-06-22 13:05:00] EDIT Nouncompounds/views/default/index.html: 0
[2015-06-22 13:05:00] EDIT Nouncompounds/views/default/index.html: 0
[2015-06-22 13:06:05] EDIT Nouncompounds/controllers/default.py: 1
[2015-06-22 13:06:05] EDIT Nouncompounds/controllers/default.py: 0
[2015-06-22 13:06:05] EDIT Nouncompounds/controllers/default.py: 0
[2015-06-22 13:07:39] EDIT Nouncompounds/controllers/default.py: 0
[2015-06-22 13:07:40] EDIT Nouncompounds/controllers/default.py: 0
[2015-06-22 13:07:40] EDIT Nouncompounds/controllers/default.py: 0
[2015-06-22 13:08:44] EDIT Nouncompounds/controllers/default.py: 1
[2015-06-22 13:08:45] EDIT Nouncompounds/controllers/default.py: 0
[2015-06-22 13:08:45] EDIT Nouncompounds/controllers/default.py: 0
